# JRE version: OpenJDK Runtime Environment Temurin-21.0.8+9 (21.0.8+9) (build 21.0.8+9-LTS)
# Java VM: OpenJDK 64-Bit Server VM Temurin-21.0.8+9 (21.0.8+9-LTS, mixed mode, emulated-client, sharing, tiered, compressed oops, compressed class ptrs, g1 gc, windows-amd64)
GC Precious Log:
 CardTable entry size: 512
 Card Set container configuration: InlinePtr #cards 5 size 8 Array Of Cards #cards 12 size 40 Howl #buckets 4 coarsen threshold 1843 Howl Bitmap #cards 512 size 80 coarsen threshold 460 Card regions per heap region 1 cards per card region 2048
 CPUs: 12 total, 12 available
 Memory: 7520M
 Large Page Support: Disabled
 NUMA Support: Disabled
 Compressed Oops: Enabled (32-bit)
 Heap Region Size: 1M
 Heap Min Capacity: 8M
 Heap Initial Capacity: 118M
 Heap Max Capacity: 1882M
 Pre-touch: Disabled
 Parallel Workers: 10
 Concurrent Workers: 3
 Concurrent Refinement Workers: 10
 Periodic GC: Disabled
Heap:
 garbage-first heap   total 74752K, used 43054K [0x000000008a600000, 0x0000000100000000)
  region size 1024K, 11 young (11264K), 3 survivors (3072K)
 Metaspace       used 70104K, committed 70848K, reserved 1114112K
  class space    used 10156K, committed 10496K, reserved 1048576K
GC Heap History (20 events):
Event: 6.821 GC heap after
{Heap after GC invocations=11 (full 0):
 garbage-first heap   total 58368K, used 25822K [0x000000008a600000, 0x0000000100000000)
  region size 1024K, 3 young (3072K), 3 survivors (3072K)
 Metaspace       used 45190K, committed 45824K, reserved 1114112K
  class space    used 6486K, committed 6784K, reserved 1048576K
}
Event: 7.420 GC heap before
{Heap before GC invocations=11 (full 0):
 garbage-first heap   total 58368K, used 49374K [0x000000008a600000, 0x0000000100000000)
  region size 1024K, 27 young (27648K), 3 survivors (3072K)
 Metaspace       used 50648K, committed 51264K, reserved 1114112K
  class space    used 7226K, committed 7488K, reserved 1048576K
}
Event: 7.424 GC heap after
{Heap after GC invocations=12 (full 0):
 garbage-first heap   total 58368K, used 27196K [0x000000008a600000, 0x0000000100000000)
  region size 1024K, 2 young (2048K), 2 survivors (2048K)
 Metaspace       used 50648K, committed 51264K, reserved 1114112K
  class space    used 7226K, committed 7488K, reserved 1048576K
}
Event: 8.099 GC heap before
{Heap before GC invocations=12 (full 0):
 garbage-first heap   total 58368K, used 49724K [0x000000008a600000, 0x0000000100000000)
  region size 1024K, 25 young (25600K), 2 survivors (2048K)
 Metaspace       used 57006K, committed 57664K, reserved 1114112K
  class space    used 8289K, committed 8576K, reserved 1048576K
}
Event: 8.102 GC heap after
{Heap after GC invocations=13 (full 0):
 garbage-first heap   total 58368K, used 27883K [0x000000008a600000, 0x0000000100000000)
  region size 1024K, 2 young (2048K), 2 survivors (2048K)
 Metaspace       used 57006K, committed 57664K, reserved 1114112K
  class space    used 8289K, committed 8576K, reserved 1048576K
}
Event: 8.990 GC heap before
{Heap before GC invocations=14 (full 0):
 garbage-first heap   total 58368K, used 51435K [0x000000008a600000, 0x0000000100000000)
  region size 1024K, 25 young (25600K), 2 survivors (2048K)
 Metaspace       used 61022K, committed 61696K, reserved 1114112K
  class space    used 8907K, committed 9216K, reserved 1048576K
}
Event: 8.994 GC heap after
{Heap after GC invocations=15 (full 0):
 garbage-first heap   total 58368K, used 29871K [0x000000008a600000, 0x0000000100000000)
  region size 1024K, 4 young (4096K), 4 survivors (4096K)
 Metaspace       used 61022K, committed 61696K, reserved 1114112K
  class space    used 8907K, committed 9216K, reserved 1048576K
}
Event: 9.446 GC heap before
{Heap before GC invocations=15 (full 0):
 garbage-first heap   total 58368K, used 49327K [0x000000008a600000, 0x0000000100000000)
  region size 1024K, 23 young (23552K), 4 survivors (4096K)
 Metaspace       used 63247K, committed 63936K, reserved 1114112K
  class space    used 9230K, committed 9536K, reserved 1048576K
}
Event: 9.452 GC heap after
{Heap after GC invocations=16 (full 0):
 garbage-first heap   total 58368K, used 31494K [0x000000008a600000, 0x0000000100000000)
  region size 1024K, 3 young (3072K), 3 survivors (3072K)
 Metaspace       used 63247K, committed 63936K, reserved 1114112K
  class space    used 9230K, committed 9536K, reserved 1048576K
}
Event: 10.128 GC heap before
{Heap before GC invocations=16 (full 0):
 garbage-first heap   total 58368K, used 49926K [0x000000008a600000, 0x0000000100000000)
  region size 1024K, 21 young (21504K), 3 survivors (3072K)
 Metaspace       used 66104K, committed 66880K, reserved 1114112K
  class space    used 9695K, committed 10048K, reserved 1048576K
}
Event: 10.134 GC heap after
{Heap after GC invocations=17 (full 0):
 garbage-first heap   total 74752K, used 33788K [0x000000008a600000, 0x0000000100000000)
  region size 1024K, 3 young (3072K), 3 survivors (3072K)
 Metaspace       used 66104K, committed 66880K, reserved 1114112K
  class space    used 9695K, committed 10048K, reserved 1048576K
}
Event: 161.667 GC heap before
{Heap before GC invocations=18 (full 0):
 garbage-first heap   total 74752K, used 44028K [0x000000008a600000, 0x0000000100000000)
  region size 1024K, 14 young (14336K), 3 survivors (3072K)
 Metaspace       used 67065K, committed 67904K, reserved 1114112K
  class space    used 9842K, committed 10240K, reserved 1048576K
}
Event: 161.712 GC heap after
{Heap after GC invocations=19 (full 1):
 garbage-first heap   total 74752K, used 28132K [0x000000008a600000, 0x0000000100000000)
  region size 1024K, 0 young (0K), 0 survivors (0K)
 Metaspace       used 67065K, committed 67904K, reserved 1114112K
  class space    used 9842K, committed 10240K, reserved 1048576K
}
Event: 162.107 GC heap before
{Heap before GC invocations=19 (full 1):
 garbage-first heap   total 74752K, used 62948K [0x000000008a600000, 0x0000000100000000)
  region size 1024K, 34 young (34816K), 0 survivors (0K)
 Metaspace       used 67107K, committed 67968K, reserved 1114112K
  class space    used 9848K, committed 10240K, reserved 1048576K
}
Event: 162.110 GC heap after
{Heap after GC invocations=20 (full 1):
 garbage-first heap   total 74752K, used 31410K [0x000000008a600000, 0x0000000100000000)
  region size 1024K, 4 young (4096K), 4 survivors (4096K)
 Metaspace       used 67107K, committed 67968K, reserved 1114112K
  class space    used 9848K, committed 10240K, reserved 1048576K
}
Event: 164.175 GC heap before
{Heap before GC invocations=20 (full 1):
 garbage-first heap   total 74752K, used 60082K [0x000000008a600000, 0x0000000100000000)
  region size 1024K, 33 young (33792K), 4 survivors (4096K)
 Metaspace       used 67256K, committed 68096K, reserved 1114112K
  class space    used 9860K, committed 10240K, reserved 1048576K
}
Event: 164.179 GC heap after
{Heap after GC invocations=21 (full 1):
 garbage-first heap   total 74752K, used 33961K [0x000000008a600000, 0x0000000100000000)
  region size 1024K, 3 young (3072K), 3 survivors (3072K)
 Metaspace       used 67256K, committed 68096K, reserved 1114112K
  class space    used 9860K, committed 10240K, reserved 1048576K
}
Event: 181.184 GC heap before
{Heap before GC invocations=21 (full 1):
 garbage-first heap   total 74752K, used 61609K [0x000000008a600000, 0x0000000100000000)
  region size 1024K, 31 young (31744K), 3 survivors (3072K)
 Metaspace       used 69488K, committed 70336K, reserved 1114112K
  class space    used 10107K, committed 10496K, reserved 1048576K
}
Event: 181.190 GC heap after
{Heap after GC invocations=22 (full 1):
 garbage-first heap   total 74752K, used 35886K [0x000000008a600000, 0x0000000100000000)
  region size 1024K, 3 young (3072K), 3 survivors (3072K)
 Metaspace       used 69488K, committed 70336K, reserved 1114112K
  class space    used 10107K, committed 10496K, reserved 1048576K
}
Event: 233.656 GC heap before
{Heap before GC invocations=23 (full 1):
 garbage-first heap   total 74752K, used 43054K [0x000000008a600000, 0x0000000100000000)
  region size 1024K, 11 young (11264K), 3 survivors (3072K)
 Metaspace       used 70104K, committed 70848K, reserved 1114112K
  class space    used 10156K, committed 10496K, reserved 1048576K
}

